# JRE version: OpenJDK Runtime Environment (Zulu 8.64.0.19-CA-win64) (8.0_345-b01) (build 1.8.0_345-b01)
# Java VM: OpenJDK 64-Bit Server VM (25.345-b01 mixed mode windows-amd64 compressed oops)
Heap:
 PSYoungGen      total 140288K, used 69089K [0x00000000f5580000, 0x0000000100000000, 0x0000000100000000)
  eden space 125440K, 43% used [0x00000000f5580000,0x00000000f8a7c7b0,0x00000000fd000000)
  from space 14848K, 99% used [0x00000000ff180000,0x00000000ffffc030,0x0000000100000000)
  to   space 24576K, 0% used [0x00000000fd000000,0x00000000fd000000,0x00000000fe800000)
 ParOldGen       total 270848K, used 40853K [0x00000000e0000000, 0x00000000f0880000, 0x00000000f5580000)
  object space 270848K, 15% used [0x00000000e0000000,0x00000000e27e5598,0x00000000f0880000)
 Metaspace       used 59540K, capacity 63800K, committed 63872K, reserved 1103872K
  class space    used 8313K, capacity 9033K, committed 9088K, reserved 1048576K
GC Heap History (10 events):
Event: 2.927 GC heap before
{Heap before GC invocations=9 (full 2):
 PSYoungGen      total 126464K, used 123115K [0x00000000f5580000, 0x00000000fdc80000, 0x0000000100000000)
  eden space 115712K, 100% used [0x00000000f5580000,0x00000000fc680000,0x00000000fc680000)
  from space 10752K, 68% used [0x00000000fd200000,0x00000000fd93af90,0x00000000fdc80000)
  to   space 11264K, 0% used [0x00000000fc680000,0x00000000fc680000,0x00000000fd180000)
 ParOldGen       total 195072K, used 14783K [0x00000000e0000000, 0x00000000ebe80000, 0x00000000f5580000)
  object space 195072K, 7% used [0x00000000e0000000,0x00000000e0e6fc00,0x00000000ebe80000)
 Metaspace       used 51006K, capacity 54048K, committed 54400K, reserved 1095680K
  class space    used 7165K, capacity 7713K, committed 7808K, reserved 1048576K
Event: 2.966 GC heap after
Heap after GC invocations=9 (full 2):
 PSYoungGen      total 126976K, used 11237K [0x00000000f5580000, 0x0000000100000000, 0x0000000100000000)
  eden space 115712K, 0% used [0x00000000f5580000,0x00000000f5580000,0x00000000fc680000)
  from space 11264K, 99% used [0x00000000fc680000,0x00000000fd179678,0x00000000fd180000)
  to   space 14336K, 0% used [0x00000000ff200000,0x00000000ff200000,0x0000000100000000)
 ParOldGen       total 195072K, used 18488K [0x00000000e0000000, 0x00000000ebe80000, 0x00000000f5580000)
  object space 195072K, 9% used [0x00000000e0000000,0x00000000e120e0d0,0x00000000ebe80000)
 Metaspace       used 51006K, capacity 54048K, committed 54400K, reserved 1095680K
  class space    used 7165K, capacity 7713K, committed 7808K, reserved 1048576K
}
Event: 3.395 GC heap before
{Heap before GC invocations=10 (full 2):
 PSYoungGen      total 126976K, used 91180K [0x00000000f5580000, 0x0000000100000000, 0x0000000100000000)
  eden space 115712K, 69% used [0x00000000f5580000,0x00000000fa391ca0,0x00000000fc680000)
  from space 11264K, 99% used [0x00000000fc680000,0x00000000fd179678,0x00000000fd180000)
  to   space 14336K, 0% used [0x00000000ff200000,0x00000000ff200000,0x0000000100000000)
 ParOldGen       total 195072K, used 18488K [0x00000000e0000000, 0x00000000ebe80000, 0x00000000f5580000)
  object space 195072K, 9% used [0x00000000e0000000,0x00000000e120e0d0,0x00000000ebe80000)
 Metaspace       used 55224K, capacity 59072K, committed 59136K, reserved 1099776K
  class space    used 7761K, capacity 8423K, committed 8448K, reserved 1048576K
Event: 3.403 GC heap after
Heap after GC invocations=10 (full 2):
 PSYoungGen      total 159232K, used 11805K [0x00000000f5580000, 0x0000000100000000, 0x0000000100000000)
  eden space 144896K, 0% used [0x00000000f5580000,0x00000000f5580000,0x00000000fe300000)
  from space 14336K, 82% used [0x00000000ff200000,0x00000000ffd87568,0x0000000100000000)
  to   space 14848K, 0% used [0x00000000fe300000,0x00000000fe300000,0x00000000ff180000)
 ParOldGen       total 195072K, used 18496K [0x00000000e0000000, 0x00000000ebe80000, 0x00000000f5580000)
  object space 195072K, 9% used [0x00000000e0000000,0x00000000e12100d0,0x00000000ebe80000)
 Metaspace       used 55224K, capacity 59072K, committed 59136K, reserved 1099776K
  class space    used 7761K, capacity 8423K, committed 8448K, reserved 1048576K
}
Event: 3.403 GC heap before
{Heap before GC invocations=11 (full 3):
 PSYoungGen      total 159232K, used 11805K [0x00000000f5580000, 0x0000000100000000, 0x0000000100000000)
  eden space 144896K, 0% used [0x00000000f5580000,0x00000000f5580000,0x00000000fe300000)
  from space 14336K, 82% used [0x00000000ff200000,0x00000000ffd87568,0x0000000100000000)
  to   space 14848K, 0% used [0x00000000fe300000,0x00000000fe300000,0x00000000ff180000)
 ParOldGen       total 195072K, used 18496K [0x00000000e0000000, 0x00000000ebe80000, 0x00000000f5580000)
  object space 195072K, 9% used [0x00000000e0000000,0x00000000e12100d0,0x00000000ebe80000)
 Metaspace       used 55224K, capacity 59072K, committed 59136K, reserved 1099776K
  class space    used 7761K, capacity 8423K, committed 8448K, reserved 1048576K
Event: 3.504 GC heap after
Heap after GC invocations=11 (full 3):
 PSYoungGen      total 159232K, used 0K [0x00000000f5580000, 0x0000000100000000, 0x0000000100000000)
  eden space 144896K, 0% used [0x00000000f5580000,0x00000000f5580000,0x00000000fe300000)
  from space 14336K, 0% used [0x00000000ff200000,0x00000000ff200000,0x0000000100000000)
  to   space 14848K, 0% used [0x00000000fe300000,0x00000000fe300000,0x00000000ff180000)
 ParOldGen       total 270848K, used 21737K [0x00000000e0000000, 0x00000000f0880000, 0x00000000f5580000)
  object space 270848K, 8% used [0x00000000e0000000,0x00000000e153a608,0x00000000f0880000)
 Metaspace       used 55224K, capacity 59072K, committed 59136K, reserved 1099776K
  class space    used 7761K, capacity 8423K, committed 8448K, reserved 1048576K
}
Event: 3.998 GC heap before
{Heap before GC invocations=12 (full 3):
 PSYoungGen      total 159232K, used 144896K [0x00000000f5580000, 0x0000000100000000, 0x0000000100000000)
  eden space 144896K, 100% used [0x00000000f5580000,0x00000000fe300000,0x00000000fe300000)
  from space 14336K, 0% used [0x00000000ff200000,0x00000000ff200000,0x0000000100000000)
  to   space 14848K, 0% used [0x00000000fe300000,0x00000000fe300000,0x00000000ff180000)
 ParOldGen       total 270848K, used 21737K [0x00000000e0000000, 0x00000000f0880000, 0x00000000f5580000)
  object space 270848K, 8% used [0x00000000e0000000,0x00000000e153a608,0x00000000f0880000)
 Metaspace       used 58622K, capacity 62844K, committed 62976K, reserved 1103872K
  class space    used 8221K, capacity 8933K, committed 8960K, reserved 1048576K
Event: 4.007 GC heap after
Heap after GC invocations=12 (full 3):
 PSYoungGen      total 159744K, used 14820K [0x00000000f5580000, 0x0000000100000000, 0x0000000100000000)
  eden space 144896K, 0% used [0x00000000f5580000,0x00000000f5580000,0x00000000fe300000)
  from space 14848K, 99% used [0x00000000fe300000,0x00000000ff1792a8,0x00000000ff180000)
  to   space 14848K, 0% used [0x00000000ff180000,0x00000000ff180000,0x0000000100000000)
 ParOldGen       total 270848K, used 26668K [0x00000000e0000000, 0x00000000f0880000, 0x00000000f5580000)
  object space 270848K, 9% used [0x00000000e0000000,0x00000000e1a0b268,0x00000000f0880000)
 Metaspace       used 58622K, capacity 62844K, committed 62976K, reserved 1103872K
  class space    used 8221K, capacity 8933K, committed 8960K, reserved 1048576K
}
Event: 4.163 GC heap before
{Heap before GC invocations=13 (full 3):
 PSYoungGen      total 159744K, used 159716K [0x00000000f5580000, 0x0000000100000000, 0x0000000100000000)
  eden space 144896K, 100% used [0x00000000f5580000,0x00000000fe300000,0x00000000fe300000)
  from space 14848K, 99% used [0x00000000fe300000,0x00000000ff1792a8,0x00000000ff180000)
  to   space 14848K, 0% used [0x00000000ff180000,0x00000000ff180000,0x0000000100000000)
 ParOldGen       total 270848K, used 26668K [0x00000000e0000000, 0x00000000f0880000, 0x00000000f5580000)
  object space 270848K, 9% used [0x00000000e0000000,0x00000000e1a0b268,0x00000000f0880000)
 Metaspace       used 58972K, capacity 63226K, committed 63232K, reserved 1103872K
  class space    used 8241K, capacity 8954K, committed 8960K, reserved 1048576K
Event: 4.171 GC heap after
Heap after GC invocations=13 (full 3):
 PSYoungGen      total 140288K, used 14832K [0x00000000f5580000, 0x0000000100000000, 0x0000000100000000)
  eden space 125440K, 0% used [0x00000000f5580000,0x00000000f5580000,0x00000000fd000000)
  from space 14848K, 99% used [0x00000000ff180000,0x00000000ffffc030,0x0000000100000000)
  to   space 24576K, 0% used [0x00000000fd000000,0x00000000fd000000,0x00000000fe800000)
 ParOldGen       total 270848K, used 40853K [0x00000000e0000000, 0x00000000f0880000, 0x00000000f5580000)
  object space 270848K, 15% used [0x00000000e0000000,0x00000000e27e5598,0x00000000f0880000)
 Metaspace       used 58972K, capacity 63226K, committed 63232K, reserved 1103872K
  class space    used 8241K, capacity 8954K, committed 8960K, reserved 1048576K
}

