# JRE version: OpenJDK Runtime Environment (Zulu 8.64.0.19-CA-win64) (8.0_345-b01) (build 1.8.0_345-b01)
# Java VM: OpenJDK 64-Bit Server VM (25.345-b01 mixed mode windows-amd64 compressed oops)
Heap:
 PSYoungGen      total 101376K, used 21961K [0x00000000f5580000, 0x00000000fe800000, 0x0000000100000000)
  eden space 90624K, 24% used [0x00000000f5580000,0x00000000f6af2538,0x00000000fae00000)
  from space 10752K, 0% used [0x00000000fae00000,0x00000000fae00000,0x00000000fb880000)
  to   space 11264K, 0% used [0x00000000fdd00000,0x00000000fdd00000,0x00000000fe800000)
 ParOldGen       total 114688K, used 14721K [0x00000000e0000000, 0x00000000e7000000, 0x00000000f5580000)
  object space 114688K, 12% used [0x00000000e0000000,0x00000000e0e60440,0x00000000e7000000)
 Metaspace       used 34057K, capacity 36712K, committed 36864K, reserved 1081344K
  class space    used 4598K, capacity 5108K, committed 5120K, reserved 1048576K
GC Heap History (10 events):
Event: 1.052 GC heap before
{Heap before GC invocations=3 (full 1):
 PSYoungGen      total 75264K, used 9429K [0x00000000f5580000, 0x00000000fe880000, 0x0000000100000000)
  eden space 64512K, 0% used [0x00000000f5580000,0x00000000f5580000,0x00000000f9480000)
  from space 10752K, 87% used [0x00000000f9f00000,0x00000000fa835530,0x00000000fa980000)
  to   space 10752K, 0% used [0x00000000f9480000,0x00000000f9480000,0x00000000f9f00000)
 ParOldGen       total 172032K, used 24K [0x00000000e0000000, 0x00000000ea800000, 0x00000000f5580000)
  object space 172032K, 0% used [0x00000000e0000000,0x00000000e0006000,0x00000000ea800000)
 Metaspace       used 19656K, capacity 21164K, committed 21296K, reserved 1067008K
  class space    used 2647K, capacity 2942K, committed 2944K, reserved 1048576K
Event: 1.070 GC heap after
Heap after GC invocations=3 (full 1):
 PSYoungGen      total 75264K, used 0K [0x00000000f5580000, 0x00000000fe880000, 0x0000000100000000)
  eden space 64512K, 0% used [0x00000000f5580000,0x00000000f5580000,0x00000000f9480000)
  from space 10752K, 0% used [0x00000000f9f00000,0x00000000f9f00000,0x00000000fa980000)
  to   space 10752K, 0% used [0x00000000f9480000,0x00000000f9480000,0x00000000f9f00000)
 ParOldGen       total 114688K, used 8915K [0x00000000e0000000, 0x00000000e7000000, 0x00000000f5580000)
  object space 114688K, 7% used [0x00000000e0000000,0x00000000e08b4d18,0x00000000e7000000)
 Metaspace       used 19656K, capacity 21164K, committed 21296K, reserved 1067008K
  class space    used 2647K, capacity 2942K, committed 2944K, reserved 1048576K
}
Event: 1.262 GC heap before
{Heap before GC invocations=4 (full 1):
 PSYoungGen      total 75264K, used 64512K [0x00000000f5580000, 0x00000000fe880000, 0x0000000100000000)
  eden space 64512K, 100% used [0x00000000f5580000,0x00000000f9480000,0x00000000f9480000)
  from space 10752K, 0% used [0x00000000f9f00000,0x00000000f9f00000,0x00000000fa980000)
  to   space 10752K, 0% used [0x00000000f9480000,0x00000000f9480000,0x00000000f9f00000)
 ParOldGen       total 114688K, used 8915K [0x00000000e0000000, 0x00000000e7000000, 0x00000000f5580000)
  object space 114688K, 7% used [0x00000000e0000000,0x00000000e08b4d18,0x00000000e7000000)
 Metaspace       used 25638K, capacity 27336K, committed 27648K, reserved 1073152K
  class space    used 3437K, capacity 3782K, committed 3840K, reserved 1048576K
Event: 1.266 GC heap after
Heap after GC invocations=4 (full 1):
 PSYoungGen      total 75264K, used 7311K [0x00000000f5580000, 0x00000000fc380000, 0x0000000100000000)
  eden space 64512K, 0% used [0x00000000f5580000,0x00000000f5580000,0x00000000f9480000)
  from space 10752K, 68% used [0x00000000f9480000,0x00000000f9ba3eb8,0x00000000f9f00000)
  to   space 10752K, 0% used [0x00000000fb900000,0x00000000fb900000,0x00000000fc380000)
 ParOldGen       total 114688K, used 8923K [0x00000000e0000000, 0x00000000e7000000, 0x00000000f5580000)
  object space 114688K, 7% used [0x00000000e0000000,0x00000000e08b6d18,0x00000000e7000000)
 Metaspace       used 25638K, capacity 27336K, committed 27648K, reserved 1073152K
  class space    used 3437K, capacity 3782K, committed 3840K, reserved 1048576K
}
Event: 1.561 GC heap before
{Heap before GC invocations=5 (full 1):
 PSYoungGen      total 75264K, used 71823K [0x00000000f5580000, 0x00000000fc380000, 0x0000000100000000)
  eden space 64512K, 100% used [0x00000000f5580000,0x00000000f9480000,0x00000000f9480000)
  from space 10752K, 68% used [0x00000000f9480000,0x00000000f9ba3eb8,0x00000000f9f00000)
  to   space 10752K, 0% used [0x00000000fb900000,0x00000000fb900000,0x00000000fc380000)
 ParOldGen       total 114688K, used 8923K [0x00000000e0000000, 0x00000000e7000000, 0x00000000f5580000)
  object space 114688K, 7% used [0x00000000e0000000,0x00000000e08b6d18,0x00000000e7000000)
 Metaspace       used 28632K, capacity 30512K, committed 30592K, reserved 1075200K
  class space    used 3806K, capacity 4206K, committed 4224K, reserved 1048576K
Event: 1.565 GC heap after
Heap after GC invocations=5 (full 1):
 PSYoungGen      total 100864K, used 6915K [0x00000000f5580000, 0x00000000fc300000, 0x0000000100000000)
  eden space 90624K, 0% used [0x00000000f5580000,0x00000000f5580000,0x00000000fae00000)
  from space 10240K, 67% used [0x00000000fb900000,0x00000000fbfc0df8,0x00000000fc300000)
  to   space 10752K, 0% used [0x00000000fae00000,0x00000000fae00000,0x00000000fb880000)
 ParOldGen       total 114688K, used 8931K [0x00000000e0000000, 0x00000000e7000000, 0x00000000f5580000)
  object space 114688K, 7% used [0x00000000e0000000,0x00000000e08b8d18,0x00000000e7000000)
 Metaspace       used 28632K, capacity 30512K, committed 30592K, reserved 1075200K
  class space    used 3806K, capacity 4206K, committed 4224K, reserved 1048576K
}
Event: 1.994 GC heap before
{Heap before GC invocations=6 (full 1):
 PSYoungGen      total 100864K, used 83261K [0x00000000f5580000, 0x00000000fc300000, 0x0000000100000000)
  eden space 90624K, 84% used [0x00000000f5580000,0x00000000fa00e7b0,0x00000000fae00000)
  from space 10240K, 67% used [0x00000000fb900000,0x00000000fbfc0df8,0x00000000fc300000)
  to   space 10752K, 0% used [0x00000000fae00000,0x00000000fae00000,0x00000000fb880000)
 ParOldGen       total 114688K, used 8931K [0x00000000e0000000, 0x00000000e7000000, 0x00000000f5580000)
  object space 114688K, 7% used [0x00000000e0000000,0x00000000e08b8d18,0x00000000e7000000)
 Metaspace       used 33077K, capacity 35364K, committed 35496K, reserved 1079296K
  class space    used 4442K, capacity 4894K, committed 4992K, reserved 1048576K
Event: 2.000 GC heap after
Heap after GC invocations=6 (full 1):
 PSYoungGen      total 101376K, used 10029K [0x00000000f5580000, 0x00000000fe800000, 0x0000000100000000)
  eden space 90624K, 0% used [0x00000000f5580000,0x00000000f5580000,0x00000000fae00000)
  from space 10752K, 93% used [0x00000000fae00000,0x00000000fb7cb560,0x00000000fb880000)
  to   space 11264K, 0% used [0x00000000fdd00000,0x00000000fdd00000,0x00000000fe800000)
 ParOldGen       total 114688K, used 8939K [0x00000000e0000000, 0x00000000e7000000, 0x00000000f5580000)
  object space 114688K, 7% used [0x00000000e0000000,0x00000000e08bad18,0x00000000e7000000)
 Metaspace       used 33077K, capacity 35364K, committed 35496K, reserved 1079296K
  class space    used 4442K, capacity 4894K, committed 4992K, reserved 1048576K
}
Event: 2.000 GC heap before
{Heap before GC invocations=7 (full 2):
 PSYoungGen      total 101376K, used 10029K [0x00000000f5580000, 0x00000000fe800000, 0x0000000100000000)
  eden space 90624K, 0% used [0x00000000f5580000,0x00000000f5580000,0x00000000fae00000)
  from space 10752K, 93% used [0x00000000fae00000,0x00000000fb7cb560,0x00000000fb880000)
  to   space 11264K, 0% used [0x00000000fdd00000,0x00000000fdd00000,0x00000000fe800000)
 ParOldGen       total 114688K, used 8939K [0x00000000e0000000, 0x00000000e7000000, 0x00000000f5580000)
  object space 114688K, 7% used [0x00000000e0000000,0x00000000e08bad18,0x00000000e7000000)
 Metaspace       used 33077K, capacity 35364K, committed 35496K, reserved 1079296K
  class space    used 4442K, capacity 4894K, committed 4992K, reserved 1048576K
Event: 2.021 GC heap after
Heap after GC invocations=7 (full 2):
 PSYoungGen      total 101376K, used 0K [0x00000000f5580000, 0x00000000fe800000, 0x0000000100000000)
  eden space 90624K, 0% used [0x00000000f5580000,0x00000000f5580000,0x00000000fae00000)
  from space 10752K, 0% used [0x00000000fae00000,0x00000000fae00000,0x00000000fb880000)
  to   space 11264K, 0% used [0x00000000fdd00000,0x00000000fdd00000,0x00000000fe800000)
 ParOldGen       total 114688K, used 14721K [0x00000000e0000000, 0x00000000e7000000, 0x00000000f5580000)
  object space 114688K, 12% used [0x00000000e0000000,0x00000000e0e60440,0x00000000e7000000)
 Metaspace       used 33077K, capacity 35364K, committed 35496K, reserved 1079296K
  class space    used 4442K, capacity 4894K, committed 4992K, reserved 1048576K
}

